{"C:\\Users\\Usuario\\Desktop\\Rocket\\Week-12\\functions.js": {"path":"C:\\Users\\Usuario\\Desktop\\Rocket\\Week-12\\functions.js","statementMap":{"0":{"start":{"line":2,"column":14},"end":{"line":4,"column":1}},"1":{"start":{"line":3,"column":2},"end":{"line":3,"column":14}},"2":{"start":{"line":6,"column":13},"end":{"line":8,"column":1}},"3":{"start":{"line":7,"column":2},"end":{"line":7,"column":29}},"4":{"start":{"line":11,"column":14},"end":{"line":13,"column":1}},"5":{"start":{"line":12,"column":2},"end":{"line":12,"column":31}},"6":{"start":{"line":15,"column":23},"end":{"line":17,"column":1}},"7":{"start":{"line":16,"column":2},"end":{"line":16,"column":27}},"8":{"start":{"line":19,"column":17},"end":{"line":25,"column":1}},"9":{"start":{"line":20,"column":2},"end":{"line":24,"column":3}},"10":{"start":{"line":21,"column":4},"end":{"line":21,"column":39}},"11":{"start":{"line":23,"column":4},"end":{"line":23,"column":31}},"12":{"start":{"line":28,"column":17},"end":{"line":30,"column":1}},"13":{"start":{"line":29,"column":2},"end":{"line":29,"column":34}},"14":{"start":{"line":33,"column":16},"end":{"line":38,"column":1}},"15":{"start":{"line":35,"column":4},"end":{"line":35,"column":17}},"16":{"start":{"line":37,"column":2},"end":{"line":37,"column":35}}},"fnMap":{"0":{"name":"(anonymous_0)","decl":{"start":{"line":2,"column":14},"end":{"line":2,"column":15}},"loc":{"start":{"line":2,"column":25},"end":{"line":4,"column":1}},"line":2},"1":{"name":"(anonymous_1)","decl":{"start":{"line":6,"column":13},"end":{"line":6,"column":14}},"loc":{"start":{"line":6,"column":37},"end":{"line":8,"column":1}},"line":6},"2":{"name":"(anonymous_2)","decl":{"start":{"line":11,"column":14},"end":{"line":11,"column":15}},"loc":{"start":{"line":11,"column":40},"end":{"line":13,"column":1}},"line":11},"3":{"name":"(anonymous_3)","decl":{"start":{"line":15,"column":23},"end":{"line":15,"column":24}},"loc":{"start":{"line":15,"column":45},"end":{"line":17,"column":1}},"line":15},"4":{"name":"(anonymous_4)","decl":{"start":{"line":19,"column":17},"end":{"line":19,"column":18}},"loc":{"start":{"line":19,"column":41},"end":{"line":25,"column":1}},"line":19},"5":{"name":"(anonymous_5)","decl":{"start":{"line":28,"column":17},"end":{"line":28,"column":18}},"loc":{"start":{"line":28,"column":38},"end":{"line":30,"column":1}},"line":28},"6":{"name":"(anonymous_6)","decl":{"start":{"line":33,"column":16},"end":{"line":33,"column":17}},"loc":{"start":{"line":33,"column":25},"end":{"line":38,"column":1}},"line":33},"7":{"name":"cuadrado","decl":{"start":{"line":34,"column":11},"end":{"line":34,"column":19}},"loc":{"start":{"line":34,"column":23},"end":{"line":36,"column":3}},"line":34}},"branchMap":{"0":{"loc":{"start":{"line":20,"column":2},"end":{"line":24,"column":3}},"type":"if","locations":[{"start":{"line":20,"column":2},"end":{"line":24,"column":3}},{"start":{"line":20,"column":2},"end":{"line":24,"column":3}}],"line":20}},"s":{"0":1,"1":1,"2":1,"3":1,"4":1,"5":1,"6":1,"7":1,"8":1,"9":2,"10":1,"11":1,"12":1,"13":1,"14":1,"15":2,"16":1},"f":{"0":1,"1":1,"2":1,"3":1,"4":2,"5":1,"6":1,"7":2},"b":{"0":[1,1]},"_coverageSchema":"1a1c01bbd47fc00a2c39e90264f33305004495a9","hash":"ddf834b894f4377bfaa004d34a8bcf8d041aa5b9"}
}
