TN:
SF:functions.js
FN:2,(anonymous_0)
FN:6,(anonymous_1)
FN:11,(anonymous_2)
FN:15,(anonymous_3)
FN:19,(anonymous_4)
FN:28,(anonymous_5)
FN:33,(anonymous_6)
FN:34,cuadrado
FNF:8
FNH:8
FNDA:1,(anonymous_0)
FNDA:1,(anonymous_1)
FNDA:1,(anonymous_2)
FNDA:1,(anonymous_3)
FNDA:2,(anonymous_4)
FNDA:1,(anonymous_5)
FNDA:1,(anonymous_6)
FNDA:2,cuadrado
DA:2,1
DA:3,1
DA:6,1
DA:7,1
DA:11,1
DA:12,1
DA:15,1
DA:16,1
DA:19,1
DA:20,2
DA:21,1
DA:23,1
DA:28,1
DA:29,1
DA:33,1
DA:35,2
DA:37,1
LF:17
LH:17
BRDA:20,0,0,1
BRDA:20,0,1,1
BRF:2
BRH:2
end_of_record
